{
  "stats": {
    "suites": 1,
    "tests": 0,
    "passes": 0,
    "pending": 0,
    "failures": 0,
    "start": "2021-06-20T04:56:17.991Z",
    "end": "2021-06-20T04:56:23.131Z",
    "duration": 5140,
    "testsRegistered": 7,
    "passPercent": 0,
    "pendingPercent": 0,
    "other": 1,
    "hasOther": true,
    "skipped": 7,
    "hasSkipped": true
  },
  "results": [
    {
      "uuid": "e731414c-8826-4f45-84d6-755d0b5a5f5e",
      "title": "",
      "fullFile": "cypress\\integration\\login.spec.js",
      "file": "cypress\\integration\\login.spec.js",
      "beforeHooks": [],
      "afterHooks": [],
      "tests": [],
      "suites": [
        {
          "uuid": "4ed0e4a8-4a1a-4847-a28b-c85c787e56e4",
          "title": "LoginPage testcase",
          "fullFile": "",
          "file": "",
          "beforeHooks": [],
          "afterHooks": [],
          "tests": [
            {
              "title": "Verify Error message while invalidLogin",
              "fullTitle": "LoginPage testcase Verify Error message while invalidLogin",
              "timedOut": null,
              "duration": 4991,
              "state": "failed",
              "speed": null,
              "pass": false,
              "fail": true,
              "pending": false,
              "context": null,
              "code": "loginPage.loginemail().type(this.data.username, {\n  delay: 100\n});\nloginPage.loginpwd().type(this.data.password, {\n  delay: 100\n});\ncy.contains('Sign In').click();\nloginPage.errormsg().should('be.visible');",
              "err": {
                "message": "CypressError: cy.visit() failed trying to load:\n\nhttps://cc.healthrecoverysolutions.com/login/\n\nWe attempted to make an http request to this URL but the request failed without a response.\n\nWe received this error at the network level:\n\n  > Error: A connection to the upstream proxy could not be established: getaddrinfo ENOTFOUND wsproxypune.ext.crifnet.com\n\nCommon situations why this would fail:\n  - you don't have internet access\n  - you forgot to run / boot your web server\n  - your web server isn't accessible\n  - you have weird network configuration settings on your computer\n\nThe stack trace for this error is:\n\nError: A connection to the upstream proxy could not be established: getaddrinfo ENOTFOUND wsproxypune.ext.crifnet.com\n    at C:\\Users\\ina330avanana\\AppData\\Local\\Cypress\\Cache\\3.8.3\\Cypress\\resources\\app\\packages\\network\\lib\\agent.js:246:27\n    at C:\\Users\\ina330avanana\\AppData\\Local\\Cypress\\Cache\\3.8.3\\Cypress\\resources\\app\\packages\\network\\lib\\agent.js:66:20\n    at retry (C:\\Users\\ina330avanana\\AppData\\Local\\Cypress\\Cache\\3.8.3\\Cypress\\resources\\app\\packages\\network\\lib\\connect.js:69:24)\n    at TLSSocket.onError (C:\\Users\\ina330avanana\\AppData\\Local\\Cypress\\Cache\\3.8.3\\Cypress\\resources\\app\\packages\\network\\lib\\connect.js:80:13)\n    at Object.onceWrapper (events.js:291:20)\n    at TLSSocket.emit (events.js:203:13)\n    at emitErrorNT (internal/streams/destroy.js:91:8)\n    at emitErrorAndCloseNT (internal/streams/destroy.js:59:3)\n    at processTicksAndRejections (internal/process/task_queues.js:77:11)\n\n\nBecause this error occurred during a 'before each' hook we are skipping the remaining tests in the current suite: 'LoginPage testcase'",
                "estack": "CypressError: cy.visit() failed trying to load:\n\nhttps://cc.healthrecoverysolutions.com/login/\n\nWe attempted to make an http request to this URL but the request failed without a response.\n\nWe received this error at the network level:\n\n  > Error: A connection to the upstream proxy could not be established: getaddrinfo ENOTFOUND wsproxypune.ext.crifnet.com\n\nCommon situations why this would fail:\n  - you don't have internet access\n  - you forgot to run / boot your web server\n  - your web server isn't accessible\n  - you have weird network configuration settings on your computer\n\nThe stack trace for this error is:\n\nError: A connection to the upstream proxy could not be established: getaddrinfo ENOTFOUND wsproxypune.ext.crifnet.com\n    at C:\\Users\\ina330avanana\\AppData\\Local\\Cypress\\Cache\\3.8.3\\Cypress\\resources\\app\\packages\\network\\lib\\agent.js:246:27\n    at C:\\Users\\ina330avanana\\AppData\\Local\\Cypress\\Cache\\3.8.3\\Cypress\\resources\\app\\packages\\network\\lib\\agent.js:66:20\n    at retry (C:\\Users\\ina330avanana\\AppData\\Local\\Cypress\\Cache\\3.8.3\\Cypress\\resources\\app\\packages\\network\\lib\\connect.js:69:24)\n    at TLSSocket.onError (C:\\Users\\ina330avanana\\AppData\\Local\\Cypress\\Cache\\3.8.3\\Cypress\\resources\\app\\packages\\network\\lib\\connect.js:80:13)\n    at Object.onceWrapper (events.js:291:20)\n    at TLSSocket.emit (events.js:203:13)\n    at emitErrorNT (internal/streams/destroy.js:91:8)\n    at emitErrorAndCloseNT (internal/streams/destroy.js:59:3)\n    at processTicksAndRejections (internal/process/task_queues.js:77:11)\n\n\nBecause this error occurred during a 'before each' hook we are skipping the remaining tests in the current suite: 'LoginPage testcase'\n    at Object.cypressErr (http://localhost:63251/__cypress/runner/cypress_runner.js:86207:11)\n    at Object.throwErr (http://localhost:63251/__cypress/runner/cypress_runner.js:86162:18)\n    at Object.throwErrByPath (http://localhost:63251/__cypress/runner/cypress_runner.js:86194:17)\n    at http://localhost:63251/__cypress/runner/cypress_runner.js:71500:31\n    at visitFailedByErr (http://localhost:63251/__cypress/runner/cypress_runner.js:71006:12)\n    at http://localhost:63251/__cypress/runner/cypress_runner.js:71499:22\n    at tryCatcher (http://localhost:63251/__cypress/runner/cypress_runner.js:120203:23)\n    at Promise._settlePromiseFromHandler (http://localhost:63251/__cypress/runner/cypress_runner.js:118139:31)\n    at Promise._settlePromise (http://localhost:63251/__cypress/runner/cypress_runner.js:118196:18)\n    at Promise._settlePromise0 (http://localhost:63251/__cypress/runner/cypress_runner.js:118241:10)\n    at Promise._settlePromises (http://localhost:63251/__cypress/runner/cypress_runner.js:118316:18)\n    at Async../node_modules/bluebird/js/release/async.js.Async._drainQueue (http://localhost:63251/__cypress/runner/cypress_runner.js:114928:16)\n    at Async../node_modules/bluebird/js/release/async.js.Async._drainQueues (http://localhost:63251/__cypress/runner/cypress_runner.js:114938:10)\n    at Async.drainQueues (http://localhost:63251/__cypress/runner/cypress_runner.js:114812:14)",
                "diff": null
              },
              "uuid": "c396a634-d798-4bbd-967d-a2fde227da57",
              "parentUUID": "4ed0e4a8-4a1a-4847-a28b-c85c787e56e4",
              "isHook": false,
              "skipped": false
            },
            {
              "title": "Verify login page title",
              "fullTitle": "LoginPage testcase Verify login page title",
              "timedOut": null,
              "duration": 0,
              "state": "skipped",
              "speed": null,
              "pass": false,
              "fail": false,
              "pending": false,
              "context": null,
              "code": "cy.title().should('eq', 'HRS | ClinicianConnect');",
              "err": {},
              "uuid": "8a7ea7e1-1f51-4b75-ad52-a6fe413d7d87",
              "parentUUID": "4ed0e4a8-4a1a-4847-a28b-c85c787e56e4",
              "isHook": false,
              "skipped": true
            },
            {
              "title": "Verify CurrentURL",
              "fullTitle": "LoginPage testcase Verify CurrentURL",
              "timedOut": null,
              "duration": 0,
              "state": "skipped",
              "speed": null,
              "pass": false,
              "fail": false,
              "pending": false,
              "context": null,
              "code": "cy.url().should('eq', 'https://cc.healthrecoverysolutions.com/login');",
              "err": {},
              "uuid": "50fe1929-4811-4a85-baa1-e050d1d29a33",
              "parentUUID": "4ed0e4a8-4a1a-4847-a28b-c85c787e56e4",
              "isHook": false,
              "skipped": true
            },
            {
              "title": "Verify SIGN IN button is visible",
              "fullTitle": "LoginPage testcase Verify SIGN IN button is visible",
              "timedOut": null,
              "duration": 0,
              "state": "skipped",
              "speed": null,
              "pass": false,
              "fail": false,
              "pending": false,
              "context": null,
              "code": "cy.contains('Sign In').should('be.visible');",
              "err": {},
              "uuid": "949293b7-4811-425a-8005-3bdd25375cd5",
              "parentUUID": "4ed0e4a8-4a1a-4847-a28b-c85c787e56e4",
              "isHook": false,
              "skipped": true
            },
            {
              "title": "Verify HRS logo is visible",
              "fullTitle": "LoginPage testcase Verify HRS logo is visible",
              "timedOut": null,
              "duration": 0,
              "state": "skipped",
              "speed": null,
              "pass": false,
              "fail": false,
              "pending": false,
              "context": null,
              "code": "loginPage.HRSLogo().should('be.visible');",
              "err": {},
              "uuid": "31ecabb1-2522-4145-ab96-0334565dec78",
              "parentUUID": "4ed0e4a8-4a1a-4847-a28b-c85c787e56e4",
              "isHook": false,
              "skipped": true
            },
            {
              "title": "Verify Forgot Password link is visible",
              "fullTitle": "LoginPage testcase Verify Forgot Password link is visible",
              "timedOut": null,
              "duration": 0,
              "state": "skipped",
              "speed": null,
              "pass": false,
              "fail": false,
              "pending": false,
              "context": null,
              "code": "loginPage.forgotpwd().should('be.visible');",
              "err": {},
              "uuid": "969029fa-2cee-4afe-8139-1dae31c52511",
              "parentUUID": "4ed0e4a8-4a1a-4847-a28b-c85c787e56e4",
              "isHook": false,
              "skipped": true
            },
            {
              "title": "Verify terms & condition link is visible",
              "fullTitle": "LoginPage testcase Verify terms & condition link is visible",
              "timedOut": null,
              "duration": 0,
              "state": "skipped",
              "speed": null,
              "pass": false,
              "fail": false,
              "pending": false,
              "context": null,
              "code": "loginPage.termscondition().should('be.visible');",
              "err": {},
              "uuid": "7cd76f83-0f71-40f4-87d8-1bee184538ab",
              "parentUUID": "4ed0e4a8-4a1a-4847-a28b-c85c787e56e4",
              "isHook": false,
              "skipped": true
            }
          ],
          "suites": [],
          "passes": [],
          "failures": [
            "c396a634-d798-4bbd-967d-a2fde227da57"
          ],
          "pending": [],
          "skipped": [
            "8a7ea7e1-1f51-4b75-ad52-a6fe413d7d87",
            "50fe1929-4811-4a85-baa1-e050d1d29a33",
            "949293b7-4811-425a-8005-3bdd25375cd5",
            "31ecabb1-2522-4145-ab96-0334565dec78",
            "969029fa-2cee-4afe-8139-1dae31c52511",
            "7cd76f83-0f71-40f4-87d8-1bee184538ab"
          ],
          "duration": 4991,
          "root": false,
          "rootEmpty": false,
          "_timeout": 2000
        }
      ],
      "passes": [],
      "failures": [],
      "pending": [],
      "skipped": [],
      "duration": 0,
      "root": true,
      "rootEmpty": true,
      "_timeout": 2000
    }
  ],
  "meta": {
    "mocha": {
      "version": "5.2.0"
    },
    "mochawesome": {
      "options": {
        "quiet": false,
        "reportFilename": "report",
        "saveHtml": true,
        "saveJson": true,
        "consoleReporter": "spec",
        "useInlineDiffs": false
      },
      "version": "4.1.0"
    },
    "marge": {
      "options": {
        "charts": true,
        "html": true,
        "json": true,
        "reportDir": "cypress/reports",
        "reportFilename": "report",
        "overwrite": true
      },
      "version": "4.0.1"
    }
  }
}