{
  "stats": {
    "suites": 1,
    "tests": 7,
    "passes": 7,
    "pending": 0,
    "failures": 0,
    "start": "2021-06-20T05:25:24.444Z",
    "end": "2021-06-20T05:26:51.337Z",
    "duration": 86893,
    "testsRegistered": 7,
    "passPercent": 100,
    "pendingPercent": 0,
    "other": 0,
    "hasOther": false,
    "skipped": 0,
    "hasSkipped": false
  },
  "results": [
    {
      "uuid": "22d57724-0c9e-4cb5-bd67-10b4f39c00cc",
      "title": "",
      "fullFile": "cypress\\integration\\login.spec.js",
      "file": "cypress\\integration\\login.spec.js",
      "beforeHooks": [],
      "afterHooks": [],
      "tests": [],
      "suites": [
        {
          "uuid": "fa6910d0-2220-4308-91f8-5a148d405a5e",
          "title": "LoginPage testcase",
          "fullFile": "",
          "file": "",
          "beforeHooks": [],
          "afterHooks": [],
          "tests": [
            {
              "title": "Verify Error message while invalidLogin",
              "fullTitle": "LoginPage testcase Verify Error message while invalidLogin",
              "timedOut": null,
              "duration": 48991,
              "state": "passed",
              "speed": "slow",
              "pass": true,
              "fail": false,
              "pending": false,
              "context": null,
              "code": "loginPage.loginemail().type(this.data.username, {\n  delay: 100\n});\nloginPage.loginpwd().type(this.data.password, {\n  delay: 100\n});\ncy.contains('Sign In').click();\nloginPage.errormsg().should('be.visible');",
              "err": {},
              "uuid": "fa2828a3-e237-4e75-977f-158809a5f19c",
              "parentUUID": "fa6910d0-2220-4308-91f8-5a148d405a5e",
              "isHook": false,
              "skipped": false
            },
            {
              "title": "Verify login page title",
              "fullTitle": "LoginPage testcase Verify login page title",
              "timedOut": null,
              "duration": 2790,
              "state": "passed",
              "speed": "slow",
              "pass": true,
              "fail": false,
              "pending": false,
              "context": null,
              "code": "cy.title().should('eq', 'HRS | ClinicianConnect');",
              "err": {},
              "uuid": "089c05e5-a17e-41c0-9431-dad34eeadaa8",
              "parentUUID": "fa6910d0-2220-4308-91f8-5a148d405a5e",
              "isHook": false,
              "skipped": false
            },
            {
              "title": "Verify CurrentURL",
              "fullTitle": "LoginPage testcase Verify CurrentURL",
              "timedOut": null,
              "duration": 4648,
              "state": "passed",
              "speed": "slow",
              "pass": true,
              "fail": false,
              "pending": false,
              "context": null,
              "code": "cy.url().should('eq', 'https://cc.healthrecoverysolutions.com/login');",
              "err": {},
              "uuid": "5c45c79b-1d5b-401a-b5a2-85f148189d95",
              "parentUUID": "fa6910d0-2220-4308-91f8-5a148d405a5e",
              "isHook": false,
              "skipped": false
            },
            {
              "title": "Verify SIGN IN button is visible",
              "fullTitle": "LoginPage testcase Verify SIGN IN button is visible",
              "timedOut": null,
              "duration": 5733,
              "state": "passed",
              "speed": "slow",
              "pass": true,
              "fail": false,
              "pending": false,
              "context": null,
              "code": "cy.contains('Sign In').should('be.visible');",
              "err": {},
              "uuid": "7f3de532-c188-4803-8ef6-00001849fc98",
              "parentUUID": "fa6910d0-2220-4308-91f8-5a148d405a5e",
              "isHook": false,
              "skipped": false
            },
            {
              "title": "Verify HRS logo is visible",
              "fullTitle": "LoginPage testcase Verify HRS logo is visible",
              "timedOut": null,
              "duration": 5213,
              "state": "passed",
              "speed": "slow",
              "pass": true,
              "fail": false,
              "pending": false,
              "context": null,
              "code": "loginPage.HRSLogo().should('be.visible');",
              "err": {},
              "uuid": "939dedfa-a239-4ade-9858-b685586e1fe4",
              "parentUUID": "fa6910d0-2220-4308-91f8-5a148d405a5e",
              "isHook": false,
              "skipped": false
            },
            {
              "title": "Verify Forgot Password link is visible",
              "fullTitle": "LoginPage testcase Verify Forgot Password link is visible",
              "timedOut": null,
              "duration": 4723,
              "state": "passed",
              "speed": "slow",
              "pass": true,
              "fail": false,
              "pending": false,
              "context": null,
              "code": "loginPage.forgotpwd().should('be.visible');",
              "err": {},
              "uuid": "b423a3e8-a852-4ad3-8241-a19c7738690f",
              "parentUUID": "fa6910d0-2220-4308-91f8-5a148d405a5e",
              "isHook": false,
              "skipped": false
            },
            {
              "title": "Verify terms & condition link is visible",
              "fullTitle": "LoginPage testcase Verify terms & condition link is visible",
              "timedOut": null,
              "duration": 4417,
              "state": "passed",
              "speed": "slow",
              "pass": true,
              "fail": false,
              "pending": false,
              "context": null,
              "code": "loginPage.termscondition().should('be.visible');",
              "err": {},
              "uuid": "c99e982e-f2ce-46bf-aae3-b3c120a2d39c",
              "parentUUID": "fa6910d0-2220-4308-91f8-5a148d405a5e",
              "isHook": false,
              "skipped": false
            }
          ],
          "suites": [],
          "passes": [
            "fa2828a3-e237-4e75-977f-158809a5f19c",
            "089c05e5-a17e-41c0-9431-dad34eeadaa8",
            "5c45c79b-1d5b-401a-b5a2-85f148189d95",
            "7f3de532-c188-4803-8ef6-00001849fc98",
            "939dedfa-a239-4ade-9858-b685586e1fe4",
            "b423a3e8-a852-4ad3-8241-a19c7738690f",
            "c99e982e-f2ce-46bf-aae3-b3c120a2d39c"
          ],
          "failures": [],
          "pending": [],
          "skipped": [],
          "duration": 76515,
          "root": false,
          "rootEmpty": false,
          "_timeout": 2000
        }
      ],
      "passes": [],
      "failures": [],
      "pending": [],
      "skipped": [],
      "duration": 0,
      "root": true,
      "rootEmpty": true,
      "_timeout": 2000
    }
  ],
  "meta": {
    "mocha": {
      "version": "5.2.0"
    },
    "mochawesome": {
      "options": {
        "quiet": false,
        "reportFilename": "report",
        "saveHtml": true,
        "saveJson": true,
        "consoleReporter": "spec",
        "useInlineDiffs": false
      },
      "version": "4.1.0"
    },
    "marge": {
      "options": {
        "charts": true,
        "html": true,
        "json": true,
        "reportDir": "cypress/reports",
        "reportFilename": "report",
        "overwrite": true
      },
      "version": "4.0.1"
    }
  }
}